[INFO    :             django.server] - 2024-02-27 21:03:58,844 : log_message @ 0212: "GET /competitions/competition_result/ HTTP/1.1" 200 12079
[INFO    :             django.server] - 2024-02-27 21:03:58,878 : log_message @ 0212: "GET /static/css/stylesheet.css HTTP/1.1" 200 9665
[INFO    :             django.server] - 2024-02-27 21:03:59,976 : log_message @ 0212: "GET /competitions/all/ HTTP/1.1" 200 16280
[INFO    :             django.server] - 2024-02-27 21:04:06,191 : log_message @ 0212: "GET /competitions/all/ HTTP/1.1" 200 16280
[INFO    :             django.server] - 2024-02-27 21:04:07,913 : log_message @ 0212: "GET /competitions/view_competition/1/ HTTP/1.1" 200 13294
[INFO    :             django.server] - 2024-02-27 21:04:09,784 : log_message @ 0212: "GET /competitions/view_competition/1/1/ HTTP/1.1" 200 12248
[INFO    :             django.server] - 2024-02-27 21:04:11,992 : log_message @ 0212: "GET /competitions/judge_task/1/1/ HTTP/1.1" 200 13847
[INFO    :             django.server] - 2024-02-27 21:04:16,310 : log_message @ 0212: "POST /competitions/judge_task/1/1/ HTTP/1.1" 302 0
[INFO    :             django.server] - 2024-02-27 21:04:16,347 : log_message @ 0212: "GET /competitions/judge_task/1/1/ HTTP/1.1" 200 14431
[INFO    :             django.server] - 2024-02-27 21:04:20,814 : log_message @ 0212: "POST /competitions/judge_task/1/1/ HTTP/1.1" 302 0
[INFO    :             django.server] - 2024-02-27 21:04:20,862 : log_message @ 0212: "GET /competitions/judge_task/1/1/ HTTP/1.1" 200 14769
[INFO    :             django.server] - 2024-02-27 21:04:20,895 : log_message @ 0212: "GET /static/css/stylesheet.css HTTP/1.1" 304 0
[INFO    :             django.server] - 2024-02-27 21:04:25,030 : log_message @ 0212: "POST /competitions/judge_task/1/1/ HTTP/1.1" 302 0
[INFO    :             django.server] - 2024-02-27 21:04:25,075 : log_message @ 0212: "GET /competitions/judge_task/1/1/ HTTP/1.1" 200 15122
[INFO    :             django.server] - 2024-02-27 21:04:29,667 : log_message @ 0212: "POST /competitions/judge_task/1/1/ HTTP/1.1" 302 0
[INFO    :             django.server] - 2024-02-27 21:04:29,729 : log_message @ 0212: "GET /competitions/judge_task/1/1/ HTTP/1.1" 200 15470
[INFO    :             django.server] - 2024-02-27 21:04:33,871 : log_message @ 0212: "POST /competitions/judge_task/1/1/ HTTP/1.1" 302 0
[INFO    :             django.server] - 2024-02-27 21:04:33,938 : log_message @ 0212: "GET /competitions/judge_task/1/1/ HTTP/1.1" 200 15830
[INFO    :             django.server] - 2024-02-27 21:06:50,827 : log_message @ 0212: "GET /competitions/end_judging/1/ HTTP/1.1" 302 0
[INFO    :             django.server] - 2024-02-27 21:06:50,869 : log_message @ 0212: "GET /competitions/competition_result/ HTTP/1.1" 200 12650
[INFO    :             django.server] - 2024-02-27 21:06:50,903 : log_message @ 0212: "GET /static/css/stylesheet.css HTTP/1.1" 304 0
